#
# There is insufficient memory for the Java Runtime Environment to continue.
# Native memory allocation (malloc) failed to allocate 1048576 bytes for AllocateHeap
# Possible reasons:
#   The system is out of physical RAM or swap space
#   The process is running with CompressedOops enabled, and the Java Heap may be blocking the growth of the native heap
# Possible solutions:
#   Reduce memory load on the system
#   Increase physical memory or swap space
#   Check if swap backing store is full
#   Decrease Java heap size (-Xmx/-Xms)
#   Decrease number of Java threads
#   Decrease Java thread stack sizes (-Xss)
#   Set larger code cache with -XX:ReservedCodeCacheSize=
#   JVM is running with Unscaled Compressed Oops mode in which the Java heap is
#     placed in the first 4GB address space. The Java Heap base address is the
#     maximum limit for the native heap growth. Please use -XX:HeapBaseMinAddress
#     to set the Java Heap base and to place the Java Heap above 4GB virtual address.
# This output file may be truncated or incomplete.
#
#  Out of Memory Error (./src/hotspot/share/memory/allocation.cpp:46), pid=9376, tid=11352
#
# JRE version:  (11.0.10) (build )
# Java VM: OpenJDK 64-Bit Server VM (11.0.10+0-b96-7249189, mixed mode, sharing, tiered, compressed oops, g1 gc, windows-amd64)
# No core dump will be written. Minidumps are not enabled by default on client versions of Windows
#

---------------  S U M M A R Y ------------

Command Line: org.jetbrains.kotlin.cli.jvm.K2JVMCompiler @C:\Users\Ahmed Farouk\AndroidStudioProjects\TODOLIST2\app\build\20220801_294731130014811999.compiler.options

Host: Intel(R) Core(TM) i5-3320M CPU @ 2.60GHz, 4 cores, 3G,  Windows 10 , 64 bit Build 19041 (10.0.19041.1706)
Time: Mon Aug  1 14:00:49 2022 Pacific Daylight Time elapsed time: 0.025543 seconds (0d 0h 0m 0s)

---------------  T H R E A D  ---------------

Current thread (0x000002a4e771b800):  JavaThread "Unknown thread" [_thread_in_vm, id=11352, stack(0x000000f8db700000,0x000000f8db800000)]

Stack: [0x000000f8db700000,0x000000f8db800000]
Native frames: (J=compiled Java code, j=interpreted, Vv=VM code, C=native code)
V  [jvm.dll+0x5ecfaa]
V  [jvm.dll+0x722bd5]
V  [jvm.dll+0x72412d]
V  [jvm.dll+0x7247e3]
V  [jvm.dll+0x242928]
V  [jvm.dll+0xb39a4]
V  [jvm.dll+0x2d49f8]
V  [jvm.dll+0x701727]
V  [jvm.dll+0x702f2c]
V  [jvm.dll+0x3587d9]
V  [jvm.dll+0x6e4fae]
V  [jvm.dll+0x3c0be3]
V  [jvm.dll+0x3c2e91]
C  [jli.dll+0x5373]
C  [ucrtbase.dll+0x21bb2]
C  [KERNEL32.DLL+0x17034]
C  [ntdll.dll+0x52651]


---------------  P R O C E S S  ---------------

Threads class SMR info:
_java_thread_list=0x000002a4e5d48810, length=0, elements={
}

Java Threads: ( => current thread )

Other Threads:

=>0x000002a4e771b800 (exited) JavaThread "Unknown thread" [_thread_in_vm, id=11352, stack(0x000000f8db700000,0x000000f8db800000)]

Threads with active compile tasks:

VM state:not at safepoint (not fully initialized)

VM Mutex/Monitor currently owned by a thread: None


[error occurred during error reporting (printing compressed oops mode), id 0xc0000005, EXCEPTION_ACCESS_VIOLATION (0xc0000005) at pc=0x00007ffbb7b92577]

GC Heap History (0 events):
No events

Deoptimization events (0 events):
No events

Classes redefined (0 events):
No events

Internal exceptions (0 events):
No events

Events (1 events):
Event: 0.018 Loaded shared library C:\Program Files\Android\Android Studio\jre\bin\zip.dll


Dynamic libraries:
0x00007ff6e4e70000 - 0x00007ff6e4e7a000 	C:\Program Files\Android\Android Studio\jre\bin\java.exe
0x00007ffbea150000 - 0x00007ffbea345000 	C:\Windows\SYSTEM32\ntdll.dll
0x00007ffbea050000 - 0x00007ffbea10d000 	C:\Windows\System32\KERNEL32.DLL
0x00007ffbe7ed0000 - 0x00007ffbe819d000 	C:\Windows\System32\KERNELBASE.dll
0x00007ffbe7c90000 - 0x00007ffbe7d90000 	C:\Windows\System32\ucrtbase.dll
0x00007ffbe2d30000 - 0x00007ffbe2d49000 	C:\Program Files\Android\Android Studio\jre\bin\jli.dll
0x00007ffbe2d90000 - 0x00007ffbe2da7000 	C:\Program Files\Android\Android Studio\jre\bin\VCRUNTIME140.dll
0x00007ffbe8450000 - 0x00007ffbe85f0000 	C:\Windows\System32\USER32.dll
0x00007ffbe7a40000 - 0x00007ffbe7a62000 	C:\Windows\System32\win32u.dll
0x00007ffbe95f0000 - 0x00007ffbe961a000 	C:\Windows\System32\GDI32.dll
0x00007ffbe7860000 - 0x00007ffbe796b000 	C:\Windows\System32\gdi32full.dll
0x00007ffbe79a0000 - 0x00007ffbe7a3d000 	C:\Windows\System32\msvcp_win.dll
0x00007ffbd9540000 - 0x00007ffbd97da000 	C:\Windows\WinSxS\amd64_microsoft.windows.common-controls_6595b64144ccf1df_6.0.19041.1110_none_60b5254171f9507e\COMCTL32.dll
0x00007ffbe8810000 - 0x00007ffbe88ae000 	C:\Windows\System32\msvcrt.dll
0x00007ffbe89e0000 - 0x00007ffbe8a10000 	C:\Windows\System32\IMM32.DLL
0x00007ffbd4e40000 - 0x00007ffbd4edd000 	C:\Program Files\Android\Android Studio\jre\bin\msvcp140.dll
0x00007ffbb7490000 - 0x00007ffbb7f5f000 	C:\Program Files\Android\Android Studio\jre\bin\server\jvm.dll
0x00007ffbe83a0000 - 0x00007ffbe844e000 	C:\Windows\System32\ADVAPI32.dll
0x00007ffbe85f0000 - 0x00007ffbe868c000 	C:\Windows\System32\sechost.dll
0x00007ffbe81a0000 - 0x00007ffbe82c5000 	C:\Windows\System32\RPCRT4.dll
0x00007ffbe89d0000 - 0x00007ffbe89d8000 	C:\Windows\System32\PSAPI.DLL
0x00007ffbe2520000 - 0x00007ffbe2529000 	C:\Windows\SYSTEM32\WSOCK32.dll
0x00007ffbe9570000 - 0x00007ffbe95db000 	C:\Windows\System32\WS2_32.dll
0x00007ffbde000000 - 0x00007ffbde027000 	C:\Windows\SYSTEM32\WINMM.dll
0x00007ffbde030000 - 0x00007ffbde03a000 	C:\Windows\SYSTEM32\VERSION.dll
0x00007ffbe6140000 - 0x00007ffbe6152000 	C:\Windows\SYSTEM32\kernel.appcore.dll
0x00007ffbe2470000 - 0x00007ffbe2481000 	C:\Program Files\Android\Android Studio\jre\bin\verify.dll
0x00007ffbd5df0000 - 0x00007ffbd5fd4000 	C:\Windows\SYSTEM32\DBGHELP.DLL
0x00007ffbd5dc0000 - 0x00007ffbd5dec000 	C:\Windows\SYSTEM32\dbgcore.DLL
0x00007ffbe7e40000 - 0x00007ffbe7ec2000 	C:\Windows\System32\bcryptPrimitives.dll
0x00007ffbe2440000 - 0x00007ffbe2469000 	C:\Program Files\Android\Android Studio\jre\bin\java.dll
0x00007ffbe2280000 - 0x00007ffbe228b000 	C:\Program Files\Android\Android Studio\jre\bin\jimage.dll
0x00007ffbe2260000 - 0x00007ffbe2278000 	C:\Program Files\Android\Android Studio\jre\bin\zip.dll

dbghelp: loaded successfully - version: 4.0.5 - missing functions: none
symbol engine: initialized successfully - sym options: 0x614 - pdb path: .;C:\Program Files\Android\Android Studio\jre\bin;C:\Windows\SYSTEM32;C:\Windows\WinSxS\amd64_microsoft.windows.common-controls_6595b64144ccf1df_6.0.19041.1110_none_60b5254171f9507e;C:\Program Files\Android\Android Studio\jre\bin\server

VM Arguments:
java_command: org.jetbrains.kotlin.cli.jvm.K2JVMCompiler @C:\Users\Ahmed Farouk\AndroidStudioProjects\TODOLIST2\app\build\20220801_294731130014811999.compiler.options
java_class_path (initial): C:\Users\Ahmed Farouk\.gradle\caches\modules-2\files-2.1\org.jetbrains.kotlin\kotlin-compiler-embeddable\1.5.31\cc18c29253541dc57c25c3ef514d63c7953ae1a6\kotlin-compiler-embeddable-1.5.31.jar;C:\Users\Ahmed Farouk\.gradle\caches\modules-2\files-2.1\org.jetbrains.kotlin\kotlin-reflect\1.5.31\1523fcd842a47da0820cea772b19c51056fec8a9\kotlin-reflect-1.5.31.jar;C:\Users\Ahmed Farouk\.gradle\caches\modules-2\files-2.1\org.jetbrains.kotlin\kotlin-stdlib\1.5.31\6628d61d0f5603568e72d2d5915d2c034b4f1c55\kotlin-stdlib-1.5.31.jar;C:\Users\Ahmed Farouk\.gradle\caches\modules-2\files-2.1\org.jetbrains.kotlin\kotlin-script-runtime\1.5.31\aaea854be2cfc06373dfc11be5a6ba9ca5ca84a6\kotlin-script-runtime-1.5.31.jar;C:\Users\Ahmed Farouk\.gradle\caches\modules-2\files-2.1\org.jetbrains.kotlin\kotlin-daemon-embeddable\1.5.31\d19b549661e28c62781683dc7c7e34bf416974f1\kotlin-daemon-embeddable-1.5.31.jar;C:\Users\Ahmed Farouk\.gradle\caches\modules-2\files-2.1\org.jetbrains.intellij.deps\trove4j\1.0.20181211\216c2e14b070f334479d800987affe4054cd563f\trove4j-1.0.20181211.jar;C:\Users\Ahmed Farouk\.gradle\caches\modules-2\files-2.1\org.jetbrains\annotations\13.0\919f0dfe192fb4e063e7dacadee7f8bb9a2672a9\annotations-13.0.jar;C:\Users\Ahmed Farouk\.gradle\caches\modules-2\files-2.1\org.jetbrains.kotlin\kotlin-stdlib-common\1.5.31\43331609c7de811fed085e0dfd150874b157c32\kotlin-stdlib-common-1.5.31.jar
Launcher Type: SUN_STANDARD

[Global flags]
     intx CICompilerCount                          = 3                                         {product} {ergonomic}
     uint G1ConcRefinementThreads                  = 4                                         {product} {ergonomic}
   size_t G1HeapRegionSize                         = 1048576                                   {product} {ergonomic}
    uintx GCDrainStackTargetSize                   = 64                                        {product} {ergonomic}
   size_t InitialHeapSize                          = 67108864                                  {product} {ergonomic}
   size_t MaxHeapSize                              = 1056964608                                {product} {ergonomic}
   size_t MinHeapDeltaBytes                        = 1048576                                   {product} {ergonomic}
    uintx NonNMethodCodeHeapSize                   = 5830732                                {pd product} {ergonomic}
    uintx NonProfiledCodeHeapSize                  = 122913754                              {pd product} {ergonomic}
    uintx ProfiledCodeHeapSize                     = 122913754                              {pd product} {ergonomic}
    uintx ReservedCodeCacheSize                    = 251658240                              {pd product} {ergonomic}
     bool SegmentedCodeCache                       = true                                      {product} {ergonomic}
     bool UseCompressedClassPointers               = true                                 {lp64_product} {ergonomic}
     bool UseCompressedOops                        = true                                 {lp64_product} {ergonomic}
     bool UseG1GC                                  = true                                      {product} {ergonomic}
     bool UseLargePagesIndividualAllocation        = false                                  {pd product} {ergonomic}

Logging:
Log output configuration:
 #0: stdout all=warning uptime,level,tags
 #1: stderr all=off uptime,level,tags

Environment Variables:
JAVA_HOME=C:\Program Files\Java\jdk-11.0.3\bin
PATH=C:\Program Files (x86)\Intel\iCLS Client\;C:\Program Files\Intel\iCLS Client\;C:\Windows\system32;C:\Windows;C:\Windows\System32\Wbem;C:\Windows\System32\WindowsPowerShell\v1.0\;C:\Windows\System32\OpenSSH\;C:\Program Files\dotnet\;C:\Program Files\Intel\Intel(R) Management Engine Components\DAL;C:\Program Files\Intel\Intel(R) Management Engine Components\IPT;C:\Program Files (x86)\Intel\Intel(R) Management Engine Components\DAL;C:\Program Files (x86)\Intel\Intel(R) Management Engine Components\IPT;C:\Program Files\Java\jdk-11.0.3\bin;C:\Program Files\Git\cmd;C:\Users\Ahmed Farouk\AppData\Local\Microsoft\WindowsApps;C:\Users\Ahmed Farouk\.dotnet\tools;C:\Users\Ahmed Farouk\AppData\Local\Programs\Microsoft VS Code\bin;C:\Program Files\CodeBlocks\MinGW\bin;
USERNAME=Ahmed Farouk
OS=Windows_NT
PROCESSOR_IDENTIFIER=Intel64 Family 6 Model 58 Stepping 9, GenuineIntel



---------------  S Y S T E M  ---------------

OS: Windows 10 , 64 bit Build 19041 (10.0.19041.1706)
OS uptime: 0 days 5:23 hours

CPU:total 4 (initial active 4) (2 cores per cpu, 2 threads per core) family 6 model 58 stepping 9 microcode 0x21, cmov, cx8, fxsr, mmx, sse, sse2, sse3, ssse3, sse4.1, sse4.2, popcnt, avx, aes, clmul, erms, ht, tsc, tscinvbit, tscinv

Memory: 4k page, system-wide physical 4031M (253M free)
TotalPageFile size 8062M (AvailPageFile size 4M)
current process WorkingSet (physical memory assigned to process): 9M, peak: 9M
current process commit charge ("private bytes"): 12M, peak: 13M

vm_info: OpenJDK 64-Bit Server VM (11.0.10+0-b96-7249189) for windows-amd64 JRE (11.0.10+0-b96-7249189), built on Mar 31 2021 21:44:00 by "builder" with MS VC++ 14.0 (VS2015)

END.
